# JRE version: OpenJDK Runtime Environment Temurin-17+35 (17.0+35) (build 17+35)
# Java VM: OpenJDK 64-Bit Server VM Temurin-17+35 (17+35, mixed mode, emulated-client, tiered, compressed oops, compressed class ptrs, g1 gc, windows-amd64)
GC Precious Log:
 CPUs: 2 total, 2 available
 Memory: 4061M
 Large Page Support: Disabled
 NUMA Support: Disabled
 Compressed Oops: Enabled (32-bit)
 Heap Region Size: 1M
 Heap Min Capacity: 8M
 Heap Initial Capacity: 64M
 Heap Max Capacity: 1016M
 Pre-touch: Disabled
 Parallel Workers: 2
 Concurrent Workers: 1
 Concurrent Refinement Workers: 2
 Periodic GC: Disabled
Heap:
 garbage-first heap   total 112640K, used 85675K [0x00000000c0800000, 0x0000000100000000)
  region size 1024K, 40 young (40960K), 2 survivors (2048K)
 Metaspace       used 82182K, committed 82944K, reserved 1122304K
  class space    used 11043K, committed 11392K, reserved 1048576K
GC Heap History (20 events):
Event: 1690.111 GC heap before
{Heap before GC invocations=60 (full 7):
 garbage-first heap   total 112640K, used 92178K [0x00000000c0800000, 0x0000000100000000)
  region size 1024K, 45 young (46080K), 1 survivors (1024K)
 Metaspace       used 81269K, committed 82688K, reserved 1122304K
  class space    used 10908K, committed 11392K, reserved 1048576K
}
Event: 1690.114 GC heap after
{Heap after GC invocations=61 (full 7):
 garbage-first heap   total 112640K, used 46429K [0x00000000c0800000, 0x0000000100000000)
  region size 1024K, 1 young (1024K), 1 survivors (1024K)
 Metaspace       used 81269K, committed 82688K, reserved 1122304K
  class space    used 10908K, committed 11392K, reserved 1048576K
}
Event: 1861.989 GC heap before
{Heap before GC invocations=61 (full 7):
 garbage-first heap   total 112640K, used 93533K [0x00000000c0800000, 0x0000000100000000)
  region size 1024K, 47 young (48128K), 1 survivors (1024K)
 Metaspace       used 81328K, committed 82688K, reserved 1122304K
  class space    used 10917K, committed 11392K, reserved 1048576K
}
Event: 1862.031 GC heap after
{Heap after GC invocations=62 (full 7):
 garbage-first heap   total 112640K, used 46577K [0x00000000c0800000, 0x0000000100000000)
  region size 1024K, 1 young (1024K), 1 survivors (1024K)
 Metaspace       used 81328K, committed 82688K, reserved 1122304K
  class space    used 10917K, committed 11392K, reserved 1048576K
}
Event: 2042.464 GC heap before
{Heap before GC invocations=62 (full 7):
 garbage-first heap   total 112640K, used 94705K [0x00000000c0800000, 0x0000000100000000)
  region size 1024K, 48 young (49152K), 1 survivors (1024K)
 Metaspace       used 81396K, committed 82688K, reserved 1122304K
  class space    used 10928K, committed 11392K, reserved 1048576K
}
Event: 2042.467 GC heap after
{Heap after GC invocations=63 (full 7):
 garbage-first heap   total 112640K, used 46528K [0x00000000c0800000, 0x0000000100000000)
  region size 1024K, 1 young (1024K), 1 survivors (1024K)
 Metaspace       used 81396K, committed 82688K, reserved 1122304K
  class space    used 10928K, committed 11392K, reserved 1048576K
}
Event: 2240.699 GC heap before
{Heap before GC invocations=63 (full 7):
 garbage-first heap   total 112640K, used 94656K [0x00000000c0800000, 0x0000000100000000)
  region size 1024K, 48 young (49152K), 1 survivors (1024K)
 Metaspace       used 81396K, committed 82688K, reserved 1122304K
  class space    used 10928K, committed 11392K, reserved 1048576K
}
Event: 2240.701 GC heap after
{Heap after GC invocations=64 (full 7):
 garbage-first heap   total 112640K, used 46476K [0x00000000c0800000, 0x0000000100000000)
  region size 1024K, 1 young (1024K), 1 survivors (1024K)
 Metaspace       used 81396K, committed 82688K, reserved 1122304K
  class space    used 10928K, committed 11392K, reserved 1048576K
}
Event: 2453.827 GC heap before
{Heap before GC invocations=64 (full 7):
 garbage-first heap   total 112640K, used 95628K [0x00000000c0800000, 0x0000000100000000)
  region size 1024K, 49 young (50176K), 1 survivors (1024K)
 Metaspace       used 81396K, committed 82688K, reserved 1122304K
  class space    used 10928K, committed 11392K, reserved 1048576K
}
Event: 2453.841 GC heap after
{Heap after GC invocations=65 (full 7):
 garbage-first heap   total 112640K, used 46452K [0x00000000c0800000, 0x0000000100000000)
  region size 1024K, 1 young (1024K), 1 survivors (1024K)
 Metaspace       used 81396K, committed 82688K, reserved 1122304K
  class space    used 10928K, committed 11392K, reserved 1048576K
}
Event: 2645.020 GC heap before
{Heap before GC invocations=65 (full 7):
 garbage-first heap   total 112640K, used 96628K [0x00000000c0800000, 0x0000000100000000)
  region size 1024K, 50 young (51200K), 1 survivors (1024K)
 Metaspace       used 81399K, committed 82688K, reserved 1122304K
  class space    used 10929K, committed 11392K, reserved 1048576K
}
Event: 2645.250 GC heap after
{Heap after GC invocations=66 (full 7):
 garbage-first heap   total 112640K, used 46501K [0x00000000c0800000, 0x0000000100000000)
  region size 1024K, 1 young (1024K), 1 survivors (1024K)
 Metaspace       used 81399K, committed 82688K, reserved 1122304K
  class space    used 10929K, committed 11392K, reserved 1048576K
}
Event: 2834.207 GC heap before
{Heap before GC invocations=66 (full 7):
 garbage-first heap   total 112640K, used 96677K [0x00000000c0800000, 0x0000000100000000)
  region size 1024K, 50 young (51200K), 1 survivors (1024K)
 Metaspace       used 81531K, committed 82688K, reserved 1122304K
  class space    used 10948K, committed 11392K, reserved 1048576K
}
Event: 2834.441 GC heap after
{Heap after GC invocations=67 (full 7):
 garbage-first heap   total 112640K, used 46619K [0x00000000c0800000, 0x0000000100000000)
  region size 1024K, 1 young (1024K), 1 survivors (1024K)
 Metaspace       used 81531K, committed 82688K, reserved 1122304K
  class space    used 10948K, committed 11392K, reserved 1048576K
}
Event: 3009.382 GC heap before
{Heap before GC invocations=67 (full 7):
 garbage-first heap   total 112640K, used 96795K [0x00000000c0800000, 0x0000000100000000)
  region size 1024K, 50 young (51200K), 1 survivors (1024K)
 Metaspace       used 81552K, committed 82688K, reserved 1122304K
  class space    used 10954K, committed 11392K, reserved 1048576K
}
Event: 3009.431 GC heap after
{Heap after GC invocations=68 (full 7):
 garbage-first heap   total 112640K, used 46679K [0x00000000c0800000, 0x0000000100000000)
  region size 1024K, 1 young (1024K), 1 survivors (1024K)
 Metaspace       used 81552K, committed 82688K, reserved 1122304K
  class space    used 10954K, committed 11392K, reserved 1048576K
}
Event: 3102.370 GC heap before
{Heap before GC invocations=68 (full 7):
 garbage-first heap   total 112640K, used 96855K [0x00000000c0800000, 0x0000000100000000)
  region size 1024K, 51 young (52224K), 1 survivors (1024K)
 Metaspace       used 81615K, committed 82688K, reserved 1122304K
  class space    used 10965K, committed 11392K, reserved 1048576K
}
Event: 3102.450 GC heap after
{Heap after GC invocations=69 (full 7):
 garbage-first heap   total 112640K, used 47368K [0x00000000c0800000, 0x0000000100000000)
  region size 1024K, 2 young (2048K), 2 survivors (2048K)
 Metaspace       used 81615K, committed 82688K, reserved 1122304K
  class space    used 10965K, committed 11392K, reserved 1048576K
}
Event: 3197.332 GC heap before
{Heap before GC invocations=69 (full 7):
 garbage-first heap   total 112640K, used 95496K [0x00000000c0800000, 0x0000000100000000)
  region size 1024K, 50 young (51200K), 2 survivors (2048K)
 Metaspace       used 82109K, committed 82880K, reserved 1122304K
  class space    used 11030K, committed 11392K, reserved 1048576K
}
Event: 3197.346 GC heap after
{Heap after GC invocations=70 (full 7):
 garbage-first heap   total 112640K, used 47787K [0x00000000c0800000, 0x0000000100000000)
  region size 1024K, 2 young (2048K), 2 survivors (2048K)
 Metaspace       used 82109K, committed 82880K, reserved 1122304K
  class space    used 11030K, committed 11392K, reserved 1048576K
}

